# JRE version: Java(TM) SE Runtime Environment (17.0.12+8) (build 17.0.12+8-LTS-286)
# Java VM: Java HotSpot(TM) 64-Bit Server VM (17.0.12+8-LTS-286, mixed mode, sharing, tiered, compressed oops, compressed class ptrs, g1 gc, windows-amd64)
GC Precious Log:
 CPUs: 12 total, 12 available
 Memory: 32677M
 Large Page Support: Disabled
 NUMA Support: Disabled
 Compressed Oops: Enabled (Zero based)
 Heap Region Size: 2M
 Heap Min Capacity: 8M
 Heap Initial Capacity: 512M
 Heap Max Capacity: 3G
 Pre-touch: Disabled
 Parallel Workers: 10
 Concurrent Workers: 3
 Concurrent Refinement Workers: 10
 Periodic GC: Disabled
Heap:
 garbage-first heap   total 888832K, used 266890K [0x0000000740000000, 0x0000000800000000)
  region size 2048K, 13 young (26624K), 5 survivors (10240K)
 Metaspace       used 77115K, committed 77760K, reserved 1179648K
  class space    used 10403K, committed 10688K, reserved 1048576K
GC Heap History (20 events):
Event: 1464.059 GC heap before
{Heap before GC invocations=37 (full 0):
 garbage-first heap   total 602112K, used 384947K [0x0000000740000000, 0x0000000800000000)
  region size 2048K, 47 young (96256K), 1 survivors (2048K)
 Metaspace       used 76958K, committed 77632K, reserved 1179648K
  class space    used 10402K, committed 10688K, reserved 1048576K
}
Event: 1464.074 GC heap after
{Heap after GC invocations=38 (full 0):
 garbage-first heap   total 602112K, used 222597K [0x0000000740000000, 0x0000000800000000)
  region size 2048K, 6 young (12288K), 6 survivors (12288K)
 Metaspace       used 76958K, committed 77632K, reserved 1179648K
  class space    used 10402K, committed 10688K, reserved 1048576K
}
Event: 1464.086 GC heap before
{Heap before GC invocations=38 (full 0):
 garbage-first heap   total 602112K, used 238981K [0x0000000740000000, 0x0000000800000000)
  region size 2048K, 14 young (28672K), 6 survivors (12288K)
 Metaspace       used 76958K, committed 77632K, reserved 1179648K
  class space    used 10402K, committed 10688K, reserved 1048576K
}
Event: 1464.096 GC heap after
{Heap after GC invocations=39 (full 0):
 garbage-first heap   total 602112K, used 180059K [0x0000000740000000, 0x0000000800000000)
  region size 2048K, 2 young (4096K), 2 survivors (4096K)
 Metaspace       used 76958K, committed 77632K, reserved 1179648K
  class space    used 10402K, committed 10688K, reserved 1048576K
}
Event: 1464.153 GC heap before
{Heap before GC invocations=39 (full 0):
 garbage-first heap   total 602112K, used 270171K [0x0000000740000000, 0x0000000800000000)
  region size 2048K, 47 young (96256K), 2 survivors (4096K)
 Metaspace       used 76958K, committed 77632K, reserved 1179648K
  class space    used 10402K, committed 10688K, reserved 1048576K
}
Event: 1464.176 GC heap after
{Heap after GC invocations=40 (full 0):
 garbage-first heap   total 602112K, used 246165K [0x0000000740000000, 0x0000000800000000)
  region size 2048K, 11 young (22528K), 11 survivors (22528K)
 Metaspace       used 76958K, committed 77632K, reserved 1179648K
  class space    used 10402K, committed 10688K, reserved 1048576K
}
Event: 1464.485 GC heap before
{Heap before GC invocations=41 (full 0):
 garbage-first heap   total 602112K, used 403861K [0x0000000740000000, 0x0000000800000000)
  region size 2048K, 70 young (143360K), 11 survivors (22528K)
 Metaspace       used 77058K, committed 77760K, reserved 1179648K
  class space    used 10403K, committed 10688K, reserved 1048576K
}
Event: 1464.517 GC heap after
{Heap after GC invocations=42 (full 0):
 garbage-first heap   total 602112K, used 321067K [0x0000000740000000, 0x0000000800000000)
  region size 2048K, 9 young (18432K), 9 survivors (18432K)
 Metaspace       used 77058K, committed 77760K, reserved 1179648K
  class space    used 10403K, committed 10688K, reserved 1048576K
}
Event: 1464.529 GC heap before
{Heap before GC invocations=42 (full 0):
 garbage-first heap   total 602112K, used 331307K [0x0000000740000000, 0x0000000800000000)
  region size 2048K, 14 young (28672K), 9 survivors (18432K)
 Metaspace       used 77058K, committed 77760K, reserved 1179648K
  class space    used 10403K, committed 10688K, reserved 1048576K
}
Event: 1464.544 GC heap after
{Heap after GC invocations=43 (full 0):
 garbage-first heap   total 602112K, used 319485K [0x0000000740000000, 0x0000000800000000)
  region size 2048K, 2 young (4096K), 2 survivors (4096K)
 Metaspace       used 77058K, committed 77760K, reserved 1179648K
  class space    used 10403K, committed 10688K, reserved 1048576K
}
Event: 1464.599 GC heap before
{Heap before GC invocations=43 (full 0):
 garbage-first heap   total 602112K, used 374781K [0x0000000740000000, 0x0000000800000000)
  region size 2048K, 30 young (61440K), 2 survivors (4096K)
 Metaspace       used 77058K, committed 77760K, reserved 1179648K
  class space    used 10403K, committed 10688K, reserved 1048576K
}
Event: 1464.617 GC heap after
{Heap after GC invocations=44 (full 0):
 garbage-first heap   total 602112K, used 363189K [0x0000000740000000, 0x0000000800000000)
  region size 2048K, 6 young (12288K), 6 survivors (12288K)
 Metaspace       used 77058K, committed 77760K, reserved 1179648K
  class space    used 10403K, committed 10688K, reserved 1048576K
}
Event: 1464.734 GC heap before
{Heap before GC invocations=44 (full 0):
 garbage-first heap   total 602112K, used 332469K [0x0000000740000000, 0x0000000800000000)
  region size 2048K, 38 young (77824K), 6 survivors (12288K)
 Metaspace       used 77074K, committed 77760K, reserved 1179648K
  class space    used 10403K, committed 10688K, reserved 1048576K
}
Event: 1464.757 GC heap after
{Heap after GC invocations=45 (full 0):
 garbage-first heap   total 602112K, used 301724K [0x0000000740000000, 0x0000000800000000)
  region size 2048K, 5 young (10240K), 5 survivors (10240K)
 Metaspace       used 77074K, committed 77760K, reserved 1179648K
  class space    used 10403K, committed 10688K, reserved 1048576K
}
Event: 1464.831 GC heap before
{Heap before GC invocations=46 (full 0):
 garbage-first heap   total 602112K, used 389788K [0x0000000740000000, 0x0000000800000000)
  region size 2048K, 49 young (100352K), 5 survivors (10240K)
 Metaspace       used 77074K, committed 77760K, reserved 1179648K
  class space    used 10403K, committed 10688K, reserved 1048576K
}
Event: 1464.851 GC heap after
{Heap after GC invocations=47 (full 0):
 garbage-first heap   total 602112K, used 360102K [0x0000000740000000, 0x0000000800000000)
  region size 2048K, 7 young (14336K), 7 survivors (14336K)
 Metaspace       used 77074K, committed 77760K, reserved 1179648K
  class space    used 10403K, committed 10688K, reserved 1048576K
}
Event: 1464.866 GC heap before
{Heap before GC invocations=47 (full 0):
 garbage-first heap   total 602112K, used 374438K [0x0000000740000000, 0x0000000800000000)
  region size 2048K, 14 young (28672K), 7 survivors (14336K)
 Metaspace       used 77074K, committed 77760K, reserved 1179648K
  class space    used 10403K, committed 10688K, reserved 1048576K
}
Event: 1464.886 GC heap after
{Heap after GC invocations=48 (full 0):
 garbage-first heap   total 602112K, used 350205K [0x0000000740000000, 0x0000000800000000)
  region size 2048K, 2 young (4096K), 2 survivors (4096K)
 Metaspace       used 77074K, committed 77760K, reserved 1179648K
  class space    used 10403K, committed 10688K, reserved 1048576K
}
Event: 1464.897 GC heap before
{Heap before GC invocations=48 (full 0):
 garbage-first heap   total 602112K, used 362493K [0x0000000740000000, 0x0000000800000000)
  region size 2048K, 9 young (18432K), 2 survivors (4096K)
 Metaspace       used 77074K, committed 77760K, reserved 1179648K
  class space    used 10403K, committed 10688K, reserved 1048576K
}
Event: 1464.908 GC heap after
{Heap after GC invocations=49 (full 0):
 garbage-first heap   total 1619968K, used 363146K [0x0000000740000000, 0x0000000800000000)
  region size 2048K, 5 young (10240K), 5 survivors (10240K)
 Metaspace       used 77074K, committed 77760K, reserved 1179648K
  class space    used 10403K, committed 10688K, reserved 1048576K
}

